<?xml version="1.0" encoding="UTF-8"?>
<testsuite name="fr.jgetmove.jgetmove.database.TransactionTest" tests="3" skipped="0" failures="0" errors="0" timestamp="2022-03-08T15:05:13" hostname="ISI-BIG36" time="0.001">
  <properties/>
  <testcase name="compareTo()" classname="fr.jgetmove.jgetmove.database.TransactionTest" time="0.001"/>
  <testcase name="addAndGetClusters()" classname="fr.jgetmove.jgetmove.database.TransactionTest" time="0.0"/>
  <testcase name="getId()" classname="fr.jgetmove.jgetmove.database.TransactionTest" time="0.0"/>
  <system-out><![CDATA[]]></system-out>
  <system-err><![CDATA[]]></system-err>
</testsuite>
