<?xml version="1.0" encoding="UTF-8"?>
<testsuite name="fr.jgetmove.jgetmove.database.ClusterMatrixTest" tests="3" skipped="0" failures="0" errors="0" timestamp="2022-03-08T15:05:13" hostname="ISI-BIG36" time="0.008">
  <properties/>
  <testcase name="optimizeMatrix()" classname="fr.jgetmove.jgetmove.database.ClusterMatrixTest" time="0.006"/>
  <testcase name="getClusterTimeId()" classname="fr.jgetmove.jgetmove.database.ClusterMatrixTest" time="0.0"/>
  <testcase name="getClusterTransactionIds()" classname="fr.jgetmove.jgetmove.database.ClusterMatrixTest" time="0.001"/>
  <system-out><![CDATA[]]></system-out>
  <system-err><![CDATA[]]></system-err>
</testsuite>
