<?xml version="1.0" encoding="UTF-8"?>
<testsuite name="fr.jgetmove.jgetmove.detector.GroupPatternDetectorTest" tests="1" skipped="0" failures="0" errors="0" timestamp="2022-03-08T15:05:13" hostname="ISI-BIG36" time="0.0">
  <properties/>
  <testcase name="detect()" classname="fr.jgetmove.jgetmove.detector.GroupPatternDetectorTest" time="0.0"/>
  <system-out><![CDATA[]]></system-out>
  <system-err><![CDATA[]]></system-err>
</testsuite>
