<?xml version="1.0" encoding="UTF-8"?>
<testsuite name="fr.jgetmove.jgetmove.solver.BasicItemsetsFinderTest" tests="1" skipped="0" failures="0" errors="0" timestamp="2022-03-08T15:05:13" hostname="ISI-BIG36" time="0.002">
  <properties/>
  <testcase name="generateItemsets()" classname="fr.jgetmove.jgetmove.solver.BasicItemsetsFinderTest" time="0.002"/>
  <system-out><![CDATA[]]></system-out>
  <system-err><![CDATA[]]></system-err>
</testsuite>
