<?xml version="1.0" encoding="UTF-8"?>
<testsuite name="fr.jgetmove.jgetmove.solver.SolverTest" tests="3" skipped="0" failures="0" errors="0" timestamp="2022-03-08T15:05:13" hostname="ISI-BIG36" time="0.013">
  <properties/>
  <testcase name="detectPatterns()" classname="fr.jgetmove.jgetmove.solver.SolverTest" time="0.0"/>
  <testcase name="mergeBlocks()" classname="fr.jgetmove.jgetmove.solver.SolverTest" time="0.011"/>
  <testcase name="findItemsets()" classname="fr.jgetmove.jgetmove.solver.SolverTest" time="0.001"/>
  <system-out><![CDATA[]]></system-out>
  <system-err><![CDATA[]]></system-err>
</testsuite>
